# JRE version: OpenJDK Runtime Environment Temurin-11.0.14.1+1 (11.0.14.1+1) (build 11.0.14.1+1)
# Java VM: OpenJDK 64-Bit Server VM Temurin-11.0.14.1+1 (11.0.14.1+1, mixed mode, tiered, compressed oops, g1 gc, windows-amd64)
Heap:
 garbage-first heap   total 490496K, used 80180K [0x0000000741000000, 0x0000000800000000)
  region size 1024K, 3 young (3072K), 3 survivors (3072K)
 Metaspace       used 61157K, capacity 63436K, committed 63744K, reserved 1103872K
  class space    used 7672K, capacity 8656K, committed 8704K, reserved 1048576K
GC Heap History (20 events):
Event: 5.004 GC heap after
{Heap after GC invocations=8 (full 0):
 garbage-first heap   total 196608K, used 33865K [0x0000000741000000, 0x0000000800000000)
  region size 1024K, 10 young (10240K), 10 survivors (10240K)
 Metaspace       used 56278K, capacity 58369K, committed 58624K, reserved 1099776K
  class space    used 7264K, capacity 8176K, committed 8192K, reserved 1048576K
}
Event: 5.186 GC heap before
{Heap before GC invocations=8 (full 0):
 garbage-first heap   total 196608K, used 112713K [0x0000000741000000, 0x0000000800000000)
  region size 1024K, 88 young (90112K), 10 survivors (10240K)
 Metaspace       used 56975K, capacity 59149K, committed 59264K, reserved 1099776K
  class space    used 7323K, capacity 8265K, committed 8320K, reserved 1048576K
}
Event: 5.198 GC heap after
{Heap after GC invocations=9 (full 0):
 garbage-first heap   total 236544K, used 38238K [0x0000000741000000, 0x0000000800000000)
  region size 1024K, 5 young (5120K), 5 survivors (5120K)
 Metaspace       used 56975K, capacity 59149K, committed 59264K, reserved 1099776K
  class space    used 7323K, capacity 8265K, committed 8320K, reserved 1048576K
}
Event: 5.418 GC heap before
{Heap before GC invocations=9 (full 0):
 garbage-first heap   total 236544K, used 159070K [0x0000000741000000, 0x0000000800000000)
  region size 1024K, 125 young (128000K), 5 survivors (5120K)
 Metaspace       used 57256K, capacity 59428K, committed 59520K, reserved 1099776K
  class space    used 7339K, capacity 8272K, committed 8320K, reserved 1048576K
}
Event: 5.425 GC heap after
{Heap after GC invocations=10 (full 0):
 garbage-first heap   total 236544K, used 42759K [0x0000000741000000, 0x0000000800000000)
  region size 1024K, 9 young (9216K), 9 survivors (9216K)
 Metaspace       used 57256K, capacity 59428K, committed 59520K, reserved 1099776K
  class space    used 7339K, capacity 8272K, committed 8320K, reserved 1048576K
}
Event: 5.658 GC heap before
{Heap before GC invocations=10 (full 0):
 garbage-first heap   total 236544K, used 173831K [0x0000000741000000, 0x0000000800000000)
  region size 1024K, 138 young (141312K), 9 survivors (9216K)
 Metaspace       used 57388K, capacity 59567K, committed 59776K, reserved 1101824K
  class space    used 7346K, capacity 8275K, committed 8320K, reserved 1048576K
}
Event: 5.669 GC heap after
{Heap after GC invocations=11 (full 0):
 garbage-first heap   total 236544K, used 48616K [0x0000000741000000, 0x0000000800000000)
  region size 1024K, 15 young (15360K), 15 survivors (15360K)
 Metaspace       used 57388K, capacity 59567K, committed 59776K, reserved 1101824K
  class space    used 7346K, capacity 8275K, committed 8320K, reserved 1048576K
}
Event: 5.815 GC heap before
{Heap before GC invocations=11 (full 0):
 garbage-first heap   total 236544K, used 78312K [0x0000000741000000, 0x0000000800000000)
  region size 1024K, 46 young (47104K), 15 survivors (15360K)
 Metaspace       used 57872K, capacity 60053K, committed 60160K, reserved 1101824K
  class space    used 7386K, capacity 8350K, committed 8448K, reserved 1048576K
}
Event: 5.827 GC heap after
{Heap after GC invocations=12 (full 0):
 garbage-first heap   total 236544K, used 46175K [0x0000000741000000, 0x0000000800000000)
  region size 1024K, 8 young (8192K), 8 survivors (8192K)
 Metaspace       used 57872K, capacity 60053K, committed 60160K, reserved 1101824K
  class space    used 7386K, capacity 8350K, committed 8448K, reserved 1048576K
}
Event: 6.208 GC heap before
{Heap before GC invocations=13 (full 0):
 garbage-first heap   total 236544K, used 178271K [0x0000000741000000, 0x0000000800000000)
  region size 1024K, 138 young (141312K), 8 survivors (8192K)
 Metaspace       used 58307K, capacity 60568K, committed 60672K, reserved 1101824K
  class space    used 7428K, capacity 8413K, committed 8448K, reserved 1048576K
}
Event: 6.237 GC heap after
{Heap after GC invocations=14 (full 0):
 garbage-first heap   total 284672K, used 66016K [0x0000000741000000, 0x0000000800000000)
  region size 1024K, 18 young (18432K), 18 survivors (18432K)
 Metaspace       used 58307K, capacity 60568K, committed 60672K, reserved 1101824K
  class space    used 7428K, capacity 8413K, committed 8448K, reserved 1048576K
}
Event: 6.339 GC heap before
{Heap before GC invocations=14 (full 0):
 garbage-first heap   total 284672K, used 204256K [0x0000000741000000, 0x0000000800000000)
  region size 1024K, 154 young (157696K), 18 survivors (18432K)
 Metaspace       used 58425K, capacity 60643K, committed 60928K, reserved 1101824K
  class space    used 7434K, capacity 8415K, committed 8448K, reserved 1048576K
}
Event: 6.364 GC heap after
{Heap after GC invocations=15 (full 0):
 garbage-first heap   total 284672K, used 71769K [0x0000000741000000, 0x0000000800000000)
  region size 1024K, 6 young (6144K), 6 survivors (6144K)
 Metaspace       used 58425K, capacity 60643K, committed 60928K, reserved 1101824K
  class space    used 7434K, capacity 8415K, committed 8448K, reserved 1048576K
}
Event: 6.424 GC heap before
{Heap before GC invocations=15 (full 0):
 garbage-first heap   total 284672K, used 212057K [0x0000000741000000, 0x0000000800000000)
  region size 1024K, 144 young (147456K), 6 survivors (6144K)
 Metaspace       used 58428K, capacity 60707K, committed 60928K, reserved 1101824K
  class space    used 7434K, capacity 8415K, committed 8448K, reserved 1048576K
}
Event: 6.429 GC heap after
{Heap after GC invocations=16 (full 0):
 garbage-first heap   total 284672K, used 75495K [0x0000000741000000, 0x0000000800000000)
  region size 1024K, 9 young (9216K), 9 survivors (9216K)
 Metaspace       used 58428K, capacity 60707K, committed 60928K, reserved 1101824K
  class space    used 7434K, capacity 8415K, committed 8448K, reserved 1048576K
}
Event: 6.656 GC heap before
{Heap before GC invocations=16 (full 0):
 garbage-first heap   total 284672K, used 220903K [0x0000000741000000, 0x0000000800000000)
  region size 1024K, 152 young (155648K), 9 survivors (9216K)
 Metaspace       used 59218K, capacity 61506K, committed 61824K, reserved 1101824K
  class space    used 7514K, capacity 8508K, committed 8576K, reserved 1048576K
}
Event: 6.664 GC heap after
{Heap after GC invocations=17 (full 0):
 garbage-first heap   total 284672K, used 79987K [0x0000000741000000, 0x0000000800000000)
  region size 1024K, 14 young (14336K), 14 survivors (14336K)
 Metaspace       used 59218K, capacity 61506K, committed 61824K, reserved 1101824K
  class space    used 7514K, capacity 8508K, committed 8576K, reserved 1048576K
}
Event: 7.475 GC heap before
{Heap before GC invocations=17 (full 0):
 garbage-first heap   total 284672K, used 231539K [0x0000000741000000, 0x0000000800000000)
  region size 1024K, 106 young (108544K), 14 survivors (14336K)
 Metaspace       used 60600K, capacity 62873K, committed 63232K, reserved 1103872K
  class space    used 7610K, capacity 8599K, committed 8704K, reserved 1048576K
}
Event: 7.505 GC heap after
{Heap after GC invocations=18 (full 0):
 garbage-first heap   total 284672K, used 87517K [0x0000000741000000, 0x0000000800000000)
  region size 1024K, 19 young (19456K), 19 survivors (19456K)
 Metaspace       used 60600K, capacity 62873K, committed 63232K, reserved 1103872K
  class space    used 7610K, capacity 8599K, committed 8704K, reserved 1048576K
}
Event: 8.238 GC heap before
{Heap before GC invocations=19 (full 0):
 garbage-first heap   total 312320K, used 310749K [0x0000000741000000, 0x0000000800000000)
  region size 1024K, 60 young (61440K), 19 survivors (19456K)
 Metaspace       used 61157K, capacity 63436K, committed 63744K, reserved 1103872K
  class space    used 7672K, capacity 8656K, committed 8704K, reserved 1048576K
}

